<?xml version="1.0" encoding="UTF-8"?>
<!-- Generated by org.testng.reporters.JUnitReportReporter -->
<testsuite hostname="DESKTOP-8L27KEP" failures="0" tests="1" name="org.test.Tc_Ec_001" time="7.745" errors="0" timestamp="2024-12-02T13:22:50 IST" skipped="0">
  <testcase classname="org.test.Tc_Ec_001" name="verifyRegistration" time="7.745"/>
</testsuite> <!-- org.test.Tc_Ec_001 -->
